[dotenv] Set [36mGOOGLE_OAUTH_CLIENT_ID[0m and [36mGOOGLE_OAUTH_CLIENT_SECRET[0m
[dotenv] Loaded [33m.env[0m
[dotenv] Set [36mGOOGLE_OAUTH_CLIENT_ID[0m and [36mGOOGLE_OAUTH_CLIENT_SECRET[0m
[dotenv] Loaded [33m.env[0m
  [1m[35m (8.9ms)[0m  [1m[35mCREATE TABLE "schema_migrations" ("version" varchar NOT NULL PRIMARY KEY)[0m
  [1m[35m (1.5ms)[0m  [1m[35mCREATE TABLE "ar_internal_metadata" ("key" varchar NOT NULL PRIMARY KEY, "value" varchar, "created_at" datetime(6) NOT NULL, "updated_at" datetime(6) NOT NULL)[0m
  [1m[36mActiveRecord::SchemaMigration Pluck (1.0ms)[0m  [1m[34mSELECT "schema_migrations"."version" FROM "schema_migrations" ORDER BY "schema_migrations"."version" ASC[0m
Migrating to CreateSchema (20250215235302)
  [1m[36mTRANSACTION (0.2ms)[0m  [1m[36mbegin transaction[0m
  [1m[35m (1.4ms)[0m  [1m[35mCREATE TABLE "categories" ("cat_id" varchar NOT NULL PRIMARY KEY, "icon" varchar, "color_code" varchar, "created_at" datetime(6) NOT NULL, "updated_at" datetime(6) NOT NULL)[0m
  [1m[35m (0.3ms)[0m  [1m[35mCREATE TABLE "departments" ("dept_id" varchar NOT NULL PRIMARY KEY, "name" varchar, "created_at" datetime(6) NOT NULL, "updated_at" datetime(6) NOT NULL)[0m
  [1m[35m (0.2ms)[0m  [1m[35mCREATE TABLE "items" ("item_id" varchar NOT NULL PRIMARY KEY, "name" varchar, "description" varchar, "category_id" varchar NOT NULL, "created_at" datetime(6) NOT NULL, "updated_at" datetime(6) NOT NULL)[0m
  [1m[35m (0.6ms)[0m  [1m[35mCREATE TABLE "users" ("email" varchar NOT NULL PRIMARY KEY, "name" varchar, "role" varchar, "dept_id" varchar NOT NULL, "is_white_listed" boolean DEFAULT 0, "white_list_end_date" date, "created_at" datetime(6) NOT NULL, "updated_at" datetime(6) NOT NULL)[0m
  [1m[35m (0.3ms)[0m  [1m[35mCREATE TABLE "inventories" ("inv_id" integer PRIMARY KEY AUTOINCREMENT NOT NULL, "item_id" varchar NOT NULL, "year_of_purchase" date, "location" varchar, "condition_of_item" varchar, "owner_email" varchar NOT NULL, "user_email" varchar NOT NULL, "sku" varchar, "created_at" datetime(6) NOT NULL, "updated_at" datetime(6) NOT NULL)[0m
  [1m[35m (0.1ms)[0m  [1m[35mPRAGMA foreign_keys[0m
  [1m[35m (0.0ms)[0m  [1m[35mPRAGMA defer_foreign_keys[0m
  [1m[35m (0.0ms)[0m  [1m[35mPRAGMA defer_foreign_keys = ON[0m
  [1m[35m (0.0ms)[0m  [1m[35mPRAGMA foreign_keys = OFF[0m
  [1m[35m (0.2ms)[0m  [1m[35mCREATE TEMPORARY TABLE "aitems" ("item_id" varchar NOT NULL PRIMARY KEY, "name" varchar DEFAULT NULL, "description" varchar DEFAULT NULL, "category_id" varchar NOT NULL, "created_at" datetime(6) NOT NULL, "updated_at" datetime(6) NOT NULL)[0m
  [1m[35m (0.6ms)[0m  [1m[32mINSERT INTO "aitems" ("item_id","name","description","category_id","created_at","updated_at")
                     SELECT "item_id","name","description","category_id","created_at","updated_at" FROM "items"[0m
  [1m[35m (1.8ms)[0m  [1m[35mDROP TABLE "items"[0m
  [1m[35m (0.4ms)[0m  [1m[35mCREATE TABLE "items" ("item_id" varchar NOT NULL PRIMARY KEY, "name" varchar DEFAULT NULL, "description" varchar DEFAULT NULL, "category_id" varchar NOT NULL, "created_at" datetime(6) NOT NULL, "updated_at" datetime(6) NOT NULL, CONSTRAINT "fk_rails_89fb86dc8b"
FOREIGN KEY ("category_id")
  REFERENCES "categories" ("cat_id")
)[0m
  [1m[35m (0.3ms)[0m  [1m[32mINSERT INTO "items" ("item_id","name","description","category_id","created_at","updated_at")
                     SELECT "item_id","name","description","category_id","created_at","updated_at" FROM "aitems"[0m
  [1m[35m (0.3ms)[0m  [1m[35mDROP TABLE "aitems"[0m
  [1m[35m (0.0ms)[0m  [1m[35mPRAGMA defer_foreign_keys = 0[0m
  [1m[35m (0.0ms)[0m  [1m[35mPRAGMA foreign_keys = 1[0m
  [1m[35m (0.0ms)[0m  [1m[35mPRAGMA foreign_keys[0m
  [1m[35m (0.0ms)[0m  [1m[35mPRAGMA defer_foreign_keys[0m
  [1m[35m (0.0ms)[0m  [1m[35mPRAGMA defer_foreign_keys = ON[0m
  [1m[35m (0.0ms)[0m  [1m[35mPRAGMA foreign_keys = OFF[0m
  [1m[35m (0.1ms)[0m  [1m[35mCREATE TEMPORARY TABLE "ausers" ("email" varchar NOT NULL PRIMARY KEY, "name" varchar DEFAULT NULL, "role" varchar DEFAULT NULL, "dept_id" varchar NOT NULL, "is_white_listed" boolean DEFAULT 0, "white_list_end_date" date DEFAULT NULL, "created_at" datetime(6) NOT NULL, "updated_at" datetime(6) NOT NULL)[0m
  [1m[35m (0.0ms)[0m  [1m[32mINSERT INTO "ausers" ("email","name","role","dept_id","is_white_listed","white_list_end_date","created_at","updated_at")
                     SELECT "email","name","role","dept_id","is_white_listed","white_list_end_date","created_at","updated_at" FROM "users"[0m
  [1m[35m (0.1ms)[0m  [1m[35mDROP TABLE "users"[0m
  [1m[35m (0.1ms)[0m  [1m[35mCREATE TABLE "users" ("email" varchar NOT NULL PRIMARY KEY, "name" varchar DEFAULT NULL, "role" varchar DEFAULT NULL, "dept_id" varchar NOT NULL, "is_white_listed" boolean DEFAULT 0, "white_list_end_date" date DEFAULT NULL, "created_at" datetime(6) NOT NULL, "updated_at" datetime(6) NOT NULL, CONSTRAINT "fk_rails_c5814cdf34"
FOREIGN KEY ("dept_id")
  REFERENCES "departments" ("dept_id")
)[0m
  [1m[35m (0.0ms)[0m  [1m[32mINSERT INTO "users" ("email","name","role","dept_id","is_white_listed","white_list_end_date","created_at","updated_at")
                     SELECT "email","name","role","dept_id","is_white_listed","white_list_end_date","created_at","updated_at" FROM "ausers"[0m
  [1m[35m (0.1ms)[0m  [1m[35mDROP TABLE "ausers"[0m
  [1m[35m (0.0ms)[0m  [1m[35mPRAGMA defer_foreign_keys = 0[0m
  [1m[35m (0.0ms)[0m  [1m[35mPRAGMA foreign_keys = 1[0m
  [1m[35m (0.0ms)[0m  [1m[35mPRAGMA foreign_keys[0m
  [1m[35m (0.0ms)[0m  [1m[35mPRAGMA defer_foreign_keys[0m
  [1m[35m (0.0ms)[0m  [1m[35mPRAGMA defer_foreign_keys = ON[0m
  [1m[35m (0.0ms)[0m  [1m[35mPRAGMA foreign_keys = OFF[0m
  [1m[35m (0.1ms)[0m  [1m[35mCREATE TEMPORARY TABLE "ainventories" ("inv_id" integer NOT NULL PRIMARY KEY, "item_id" varchar NOT NULL, "year_of_purchase" date DEFAULT NULL, "location" varchar DEFAULT NULL, "condition_of_item" varchar DEFAULT NULL, "owner_email" varchar NOT NULL, "user_email" varchar NOT NULL, "sku" varchar DEFAULT NULL, "created_at" datetime(6) NOT NULL, "updated_at" datetime(6) NOT NULL)[0m
  [1m[35m (0.1ms)[0m  [1m[32mINSERT INTO "ainventories" ("inv_id","item_id","year_of_purchase","location","condition_of_item","owner_email","user_email","sku","created_at","updated_at")
                     SELECT "inv_id","item_id","year_of_purchase","location","condition_of_item","owner_email","user_email","sku","created_at","updated_at" FROM "inventories"[0m
  [1m[35m (0.1ms)[0m  [1m[35mDROP TABLE "inventories"[0m
  [1m[35m (0.1ms)[0m  [1m[35mCREATE TABLE "inventories" ("inv_id" integer NOT NULL PRIMARY KEY, "item_id" varchar NOT NULL, "year_of_purchase" date DEFAULT NULL, "location" varchar DEFAULT NULL, "condition_of_item" varchar DEFAULT NULL, "owner_email" varchar NOT NULL, "user_email" varchar NOT NULL, "sku" varchar DEFAULT NULL, "created_at" datetime(6) NOT NULL, "updated_at" datetime(6) NOT NULL, CONSTRAINT "fk_rails_fcf6633a1e"
FOREIGN KEY ("item_id")
  REFERENCES "items" ("item_id")
)[0m
  [1m[35m (0.0ms)[0m  [1m[32mINSERT INTO "inventories" ("inv_id","item_id","year_of_purchase","location","condition_of_item","owner_email","user_email","sku","created_at","updated_at")
                     SELECT "inv_id","item_id","year_of_purchase","location","condition_of_item","owner_email","user_email","sku","created_at","updated_at" FROM "ainventories"[0m
  [1m[35m (0.1ms)[0m  [1m[35mDROP TABLE "ainventories"[0m
  [1m[35m (0.0ms)[0m  [1m[35mPRAGMA defer_foreign_keys = 0[0m
  [1m[35m (0.0ms)[0m  [1m[35mPRAGMA foreign_keys = 1[0m
  [1m[35m (0.0ms)[0m  [1m[35mPRAGMA foreign_keys[0m
  [1m[35m (0.0ms)[0m  [1m[35mPRAGMA defer_foreign_keys[0m
  [1m[35m (0.0ms)[0m  [1m[35mPRAGMA defer_foreign_keys = ON[0m
  [1m[35m (0.0ms)[0m  [1m[35mPRAGMA foreign_keys = OFF[0m
  [1m[35m (0.1ms)[0m  [1m[35mCREATE TEMPORARY TABLE "ainventories" ("inv_id" integer NOT NULL PRIMARY KEY, "item_id" varchar NOT NULL, "year_of_purchase" date DEFAULT NULL, "location" varchar DEFAULT NULL, "condition_of_item" varchar DEFAULT NULL, "owner_email" varchar NOT NULL, "user_email" varchar NOT NULL, "sku" varchar DEFAULT NULL, "created_at" datetime(6) NOT NULL, "updated_at" datetime(6) NOT NULL)[0m
  [1m[35m (0.0ms)[0m  [1m[32mINSERT INTO "ainventories" ("inv_id","item_id","year_of_purchase","location","condition_of_item","owner_email","user_email","sku","created_at","updated_at")
                     SELECT "inv_id","item_id","year_of_purchase","location","condition_of_item","owner_email","user_email","sku","created_at","updated_at" FROM "inventories"[0m
  [1m[35m (0.3ms)[0m  [1m[35mDROP TABLE "inventories"[0m
  [1m[35m (0.1ms)[0m  [1m[35mCREATE TABLE "inventories" ("inv_id" integer NOT NULL PRIMARY KEY, "item_id" varchar NOT NULL, "year_of_purchase" date DEFAULT NULL, "location" varchar DEFAULT NULL, "condition_of_item" varchar DEFAULT NULL, "owner_email" varchar NOT NULL, "user_email" varchar NOT NULL, "sku" varchar DEFAULT NULL, "created_at" datetime(6) NOT NULL, "updated_at" datetime(6) NOT NULL, CONSTRAINT "fk_rails_fcf6633a1e"
FOREIGN KEY ("item_id")
  REFERENCES "items" ("item_id")
, CONSTRAINT "fk_rails_1bf01ddde7"
FOREIGN KEY ("owner_email")
  REFERENCES "users" ("email")
)[0m
  [1m[35m (0.0ms)[0m  [1m[32mINSERT INTO "inventories" ("inv_id","item_id","year_of_purchase","location","condition_of_item","owner_email","user_email","sku","created_at","updated_at")
                     SELECT "inv_id","item_id","year_of_purchase","location","condition_of_item","owner_email","user_email","sku","created_at","updated_at" FROM "ainventories"[0m
  [1m[35m (0.1ms)[0m  [1m[35mDROP TABLE "ainventories"[0m
  [1m[35m (0.0ms)[0m  [1m[35mPRAGMA defer_foreign_keys = 0[0m
  [1m[35m (0.0ms)[0m  [1m[35mPRAGMA foreign_keys = 1[0m
  [1m[35m (0.0ms)[0m  [1m[35mPRAGMA foreign_keys[0m
  [1m[35m (0.1ms)[0m  [1m[35mPRAGMA defer_foreign_keys[0m
  [1m[35m (0.0ms)[0m  [1m[35mPRAGMA defer_foreign_keys = ON[0m
  [1m[35m (0.0ms)[0m  [1m[35mPRAGMA foreign_keys = OFF[0m
  [1m[35m (0.1ms)[0m  [1m[35mCREATE TEMPORARY TABLE "ainventories" ("inv_id" integer NOT NULL PRIMARY KEY, "item_id" varchar NOT NULL, "year_of_purchase" date DEFAULT NULL, "location" varchar DEFAULT NULL, "condition_of_item" varchar DEFAULT NULL, "owner_email" varchar NOT NULL, "user_email" varchar NOT NULL, "sku" varchar DEFAULT NULL, "created_at" datetime(6) NOT NULL, "updated_at" datetime(6) NOT NULL)[0m
  [1m[35m (0.0ms)[0m  [1m[32mINSERT INTO "ainventories" ("inv_id","item_id","year_of_purchase","location","condition_of_item","owner_email","user_email","sku","created_at","updated_at")
                     SELECT "inv_id","item_id","year_of_purchase","location","condition_of_item","owner_email","user_email","sku","created_at","updated_at" FROM "inventories"[0m
  [1m[35m (0.1ms)[0m  [1m[35mDROP TABLE "inventories"[0m
  [1m[35m (0.1ms)[0m  [1m[35mCREATE TABLE "inventories" ("inv_id" integer NOT NULL PRIMARY KEY, "item_id" varchar NOT NULL, "year_of_purchase" date DEFAULT NULL, "location" varchar DEFAULT NULL, "condition_of_item" varchar DEFAULT NULL, "owner_email" varchar NOT NULL, "user_email" varchar NOT NULL, "sku" varchar DEFAULT NULL, "created_at" datetime(6) NOT NULL, "updated_at" datetime(6) NOT NULL, CONSTRAINT "fk_rails_1bf01ddde7"
FOREIGN KEY ("owner_email")
  REFERENCES "users" ("email")
, CONSTRAINT "fk_rails_fcf6633a1e"
FOREIGN KEY ("item_id")
  REFERENCES "items" ("item_id")
, CONSTRAINT "fk_rails_9d60e6b1ad"
FOREIGN KEY ("user_email")
  REFERENCES "users" ("email")
)[0m
  [1m[35m (0.0ms)[0m  [1m[32mINSERT INTO "inventories" ("inv_id","item_id","year_of_purchase","location","condition_of_item","owner_email","user_email","sku","created_at","updated_at")
                     SELECT "inv_id","item_id","year_of_purchase","location","condition_of_item","owner_email","user_email","sku","created_at","updated_at" FROM "ainventories"[0m
  [1m[35m (0.1ms)[0m  [1m[35mDROP TABLE "ainventories"[0m
  [1m[35m (0.0ms)[0m  [1m[35mPRAGMA defer_foreign_keys = 0[0m
  [1m[35m (0.0ms)[0m  [1m[35mPRAGMA foreign_keys = 1[0m
  [1m[36mActiveRecord::SchemaMigration Create (1.1ms)[0m  [1m[32mINSERT INTO "schema_migrations" ("version") VALUES (?)[0m  [["version", "20250215235302"]]
  [1m[36mTRANSACTION (1.6ms)[0m  [1m[36mcommit transaction[0m
Migrating to AddNameToCategories (20250216002416)
  [1m[36mTRANSACTION (0.0ms)[0m  [1m[36mbegin transaction[0m
  [1m[35m (1.7ms)[0m  [1m[35mALTER TABLE "categories" ADD "name" varchar DEFAULT 'Unnamed Category' NOT NULL[0m
  [1m[36mActiveRecord::SchemaMigration Create (0.4ms)[0m  [1m[32mINSERT INTO "schema_migrations" ("version") VALUES (?)[0m  [["version", "20250216002416"]]
  [1m[36mTRANSACTION (0.8ms)[0m  [1m[36mcommit transaction[0m
Migrating to AddAdmin (20250216004215)
  [1m[36mTRANSACTION (0.0ms)[0m  [1m[36mbegin transaction[0m
  [1m[35m (1.0ms)[0m  [1m[35mCREATE TABLE "admins" ("id" integer PRIMARY KEY AUTOINCREMENT NOT NULL, "email" varchar NOT NULL, "full_name" varchar, "uid" varchar, "avatar_url" varchar, "created_at" datetime(6) NOT NULL, "updated_at" datetime(6) NOT NULL)[0m
  [1m[35m (0.6ms)[0m  [1m[35mCREATE UNIQUE INDEX "index_admins_on_email" ON "admins" ("email")[0m
  [1m[36mActiveRecord::SchemaMigration Create (0.4ms)[0m  [1m[32mINSERT INTO "schema_migrations" ("version") VALUES (?)[0m  [["version", "20250216004215"]]
  [1m[36mTRANSACTION (0.9ms)[0m  [1m[36mcommit transaction[0m
  [1m[36mActiveRecord::InternalMetadata Load (0.7ms)[0m  [1m[34mSELECT "ar_internal_metadata".* FROM "ar_internal_metadata" WHERE "ar_internal_metadata"."key" = ? LIMIT ?[0m  [["key", "environment"], ["LIMIT", 1]]
  [1m[36mTRANSACTION (0.0ms)[0m  [1m[36mbegin transaction[0m
  [1m[36mActiveRecord::InternalMetadata Create (1.1ms)[0m  [1m[32mINSERT INTO "ar_internal_metadata" ("key", "value", "created_at", "updated_at") VALUES (?, ?, ?, ?)[0m  [["key", "environment"], ["value", "development"], ["created_at", "2025-02-17 20:24:13.738758"], ["updated_at", "2025-02-17 20:24:13.738758"]]
  [1m[36mTRANSACTION (1.0ms)[0m  [1m[36mcommit transaction[0m
  [1m[36mActiveRecord::SchemaMigration Pluck (0.2ms)[0m  [1m[34mSELECT "schema_migrations"."version" FROM "schema_migrations" ORDER BY "schema_migrations"."version" ASC[0m
[dotenv] Set [36mGOOGLE_OAUTH_CLIENT_ID[0m and [36mGOOGLE_OAUTH_CLIENT_SECRET[0m
[dotenv] Loaded [33m.env[0m
  [1m[36mActiveRecord::SchemaMigration Pluck (1.1ms)[0m  [1m[34mSELECT "schema_migrations"."version" FROM "schema_migrations" ORDER BY "schema_migrations"."version" ASC[0m
  [1m[36mInventory Delete All (2.2ms)[0m  [1m[31mDELETE FROM "inventories"[0m
  [1m[36mItem Delete All (1.1ms)[0m  [1m[31mDELETE FROM "items"[0m
  [1m[36mUser Delete All (0.3ms)[0m  [1m[31mDELETE FROM "users"[0m
  [1m[36mDepartment Delete All (0.2ms)[0m  [1m[31mDELETE FROM "departments"[0m
  [1m[36mCategory Delete All (0.2ms)[0m  [1m[31mDELETE FROM "categories"[0m
  [1m[36mAdmin Delete All (2.7ms)[0m  [1m[31mDELETE FROM "admins"[0m
  [1m[35m (0.6ms)[0m  [1m[31mDELETE FROM sqlite_sequence WHERE name='inventories'[0m
  [1m[35m (0.2ms)[0m  [1m[31mDELETE FROM sqlite_sequence WHERE name='items'[0m
  [1m[35m (0.2ms)[0m  [1m[31mDELETE FROM sqlite_sequence WHERE name='users'[0m
  [1m[36mTRANSACTION (0.2ms)[0m  [1m[36mbegin transaction[0m
  [1m[36mAdmin Create (4.3ms)[0m  [1m[32mINSERT INTO "admins" ("email", "full_name", "uid", "avatar_url", "created_at", "updated_at") VALUES (?, ?, ?, ?, ?, ?)[0m  [["email", "admin1@example.com"], ["full_name", "Admin One"], ["uid", "admin1"], ["avatar_url", "https://example.com/avatar1.png"], ["created_at", "2025-02-17 20:24:19.408742"], ["updated_at", "2025-02-17 20:24:19.408742"]]
  [1m[36mTRANSACTION (1.3ms)[0m  [1m[36mcommit transaction[0m
  [1m[36mTRANSACTION (0.0ms)[0m  [1m[36mbegin transaction[0m
  [1m[36mAdmin Create (1.2ms)[0m  [1m[32mINSERT INTO "admins" ("email", "full_name", "uid", "avatar_url", "created_at", "updated_at") VALUES (?, ?, ?, ?, ?, ?)[0m  [["email", "admin2@example.com"], ["full_name", "Admin Two"], ["uid", "admin2"], ["avatar_url", "https://example.com/avatar2.png"], ["created_at", "2025-02-17 20:24:19.422959"], ["updated_at", "2025-02-17 20:24:19.422959"]]
  [1m[36mTRANSACTION (0.9ms)[0m  [1m[36mcommit transaction[0m
  [1m[36mTRANSACTION (0.1ms)[0m  [1m[36mbegin transaction[0m
  [1m[36mCategory Exists? (0.7ms)[0m  [1m[34mSELECT 1 AS one FROM "categories" WHERE "categories"."cat_id" = ? LIMIT ?[0m  [["cat_id", "TOOL"], ["LIMIT", 1]]
  [1m[36mCategory Create (0.7ms)[0m  [1m[32mINSERT INTO "categories" ("cat_id", "icon", "color_code", "created_at", "updated_at", "name") VALUES (?, ?, ?, ?, ?, ?)[0m  [["cat_id", "TOOL"], ["icon", "ðŸ”§"], ["color_code", "#DAF7A6"], ["created_at", "2025-02-17 20:24:19.436209"], ["updated_at", "2025-02-17 20:24:19.436209"], ["name", "Tool"]]
  [1m[36mTRANSACTION (0.8ms)[0m  [1m[36mcommit transaction[0m
  [1m[36mTRANSACTION (0.0ms)[0m  [1m[36mbegin transaction[0m
  [1m[36mCategory Exists? (0.2ms)[0m  [1m[34mSELECT 1 AS one FROM "categories" WHERE "categories"."cat_id" = ? LIMIT ?[0m  [["cat_id", "EQUIP"], ["LIMIT", 1]]
  [1m[36mCategory Create (0.6ms)[0m  [1m[32mINSERT INTO "categories" ("cat_id", "icon", "color_code", "created_at", "updated_at", "name") VALUES (?, ?, ?, ?, ?, ?)[0m  [["cat_id", "EQUIP"], ["icon", "ðŸšœ"], ["color_code", "#900C3F"], ["created_at", "2025-02-17 20:24:19.441366"], ["updated_at", "2025-02-17 20:24:19.441366"], ["name", "Equipment"]]
  [1m[36mTRANSACTION (0.7ms)[0m  [1m[36mcommit transaction[0m
  [1m[36mTRANSACTION (0.0ms)[0m  [1m[36mbegin transaction[0m
  [1m[36mCategory Exists? (0.2ms)[0m  [1m[34mSELECT 1 AS one FROM "categories" WHERE "categories"."cat_id" = ? LIMIT ?[0m  [["cat_id", "MAT"], ["LIMIT", 1]]
  [1m[36mCategory Create (0.5ms)[0m  [1m[32mINSERT INTO "categories" ("cat_id", "icon", "color_code", "created_at", "updated_at", "name") VALUES (?, ?, ?, ?, ?, ?)[0m  [["cat_id", "MAT"], ["icon", "ðŸ "], ["color_code", "#C70039"], ["created_at", "2025-02-17 20:24:19.446012"], ["updated_at", "2025-02-17 20:24:19.446012"], ["name", "Material"]]
  [1m[36mTRANSACTION (1.0ms)[0m  [1m[36mcommit transaction[0m
  [1m[36mTRANSACTION (0.0ms)[0m  [1m[36mbegin transaction[0m
  [1m[36mDepartment Create (0.8ms)[0m  [1m[32mINSERT INTO "departments" ("dept_id", "name", "created_at", "updated_at") VALUES (?, ?, ?, ?)[0m  [["dept_id", "CHE"], ["name", "Chemical Engineering"], ["created_at", "2025-02-17 20:24:19.452431"], ["updated_at", "2025-02-17 20:24:19.452431"]]
  [1m[36mTRANSACTION (0.9ms)[0m  [1m[36mcommit transaction[0m
  [1m[36mTRANSACTION (0.0ms)[0m  [1m[36mbegin transaction[0m
  [1m[36mDepartment Create (0.7ms)[0m  [1m[32mINSERT INTO "departments" ("dept_id", "name", "created_at", "updated_at") VALUES (?, ?, ?, ?)[0m  [["dept_id", "MECH"], ["name", "Mechanical Engineering"], ["created_at", "2025-02-17 20:24:19.456449"], ["updated_at", "2025-02-17 20:24:19.456449"]]
  [1m[36mTRANSACTION (1.1ms)[0m  [1m[36mcommit transaction[0m
  [1m[36mTRANSACTION (0.1ms)[0m  [1m[36mbegin transaction[0m
  [1m[36mDepartment Create (1.2ms)[0m  [1m[32mINSERT INTO "departments" ("dept_id", "name", "created_at", "updated_at") VALUES (?, ?, ?, ?)[0m  [["dept_id", "EE"], ["name", "Electrical Engineering"], ["created_at", "2025-02-17 20:24:19.473566"], ["updated_at", "2025-02-17 20:24:19.473566"]]
  [1m[36mTRANSACTION (1.3ms)[0m  [1m[36mcommit transaction[0m
  [1m[36mTRANSACTION (0.0ms)[0m  [1m[36mbegin transaction[0m
  [1m[36mDepartment Create (0.8ms)[0m  [1m[32mINSERT INTO "departments" ("dept_id", "name", "created_at", "updated_at") VALUES (?, ?, ?, ?)[0m  [["dept_id", "CIV"], ["name", "Civil Engineering"], ["created_at", "2025-02-17 20:24:19.478822"], ["updated_at", "2025-02-17 20:24:19.478822"]]
  [1m[36mTRANSACTION (0.9ms)[0m  [1m[36mcommit transaction[0m
  [1m[36mTRANSACTION (0.0ms)[0m  [1m[36mbegin transaction[0m
  [1m[36mDepartment Create (0.8ms)[0m  [1m[32mINSERT INTO "departments" ("dept_id", "name", "created_at", "updated_at") VALUES (?, ?, ?, ?)[0m  [["dept_id", "ENV"], ["name", "Environmental Engineering"], ["created_at", "2025-02-17 20:24:19.483245"], ["updated_at", "2025-02-17 20:24:19.483245"]]
  [1m[36mTRANSACTION (1.0ms)[0m  [1m[36mcommit transaction[0m
  [1m[36mTRANSACTION (0.0ms)[0m  [1m[36mbegin transaction[0m
  [1m[36mUser Exists? (0.2ms)[0m  [1m[34mSELECT 1 AS one FROM "users" WHERE "users"."email" = ? LIMIT ?[0m  [["email", "alice@example.com"], ["LIMIT", 1]]
  [1m[36mUser Create (0.8ms)[0m  [1m[32mINSERT INTO "users" ("email", "name", "role", "dept_id", "is_white_listed", "white_list_end_date", "created_at", "updated_at") VALUES (?, ?, ?, ?, ?, ?, ?, ?)[0m  [["email", "alice@example.com"], ["name", "Alice Johnson"], ["role", "Admin"], ["dept_id", "CHE"], ["is_white_listed", 0], ["white_list_end_date", nil], ["created_at", "2025-02-17 20:24:19.496248"], ["updated_at", "2025-02-17 20:24:19.496248"]]
  [1m[36mTRANSACTION (1.3ms)[0m  [1m[36mcommit transaction[0m
  [1m[36mTRANSACTION (0.0ms)[0m  [1m[36mbegin transaction[0m
  [1m[36mUser Exists? (0.2ms)[0m  [1m[34mSELECT 1 AS one FROM "users" WHERE "users"."email" = ? LIMIT ?[0m  [["email", "bob@example.com"], ["LIMIT", 1]]
  [1m[36mUser Create (0.6ms)[0m  [1m[32mINSERT INTO "users" ("email", "name", "role", "dept_id", "is_white_listed", "white_list_end_date", "created_at", "updated_at") VALUES (?, ?, ?, ?, ?, ?, ?, ?)[0m  [["email", "bob@example.com"], ["name", "Bob Williams"], ["role", "Staff"], ["dept_id", "MECH"], ["is_white_listed", 0], ["white_list_end_date", nil], ["created_at", "2025-02-17 20:24:19.502169"], ["updated_at", "2025-02-17 20:24:19.502169"]]
  [1m[36mTRANSACTION (0.8ms)[0m  [1m[36mcommit transaction[0m
  [1m[36mTRANSACTION (0.0ms)[0m  [1m[36mbegin transaction[0m
  [1m[36mUser Exists? (0.2ms)[0m  [1m[34mSELECT 1 AS one FROM "users" WHERE "users"."email" = ? LIMIT ?[0m  [["email", "charlie@example.com"], ["LIMIT", 1]]
  [1m[36mUser Create (0.6ms)[0m  [1m[32mINSERT INTO "users" ("email", "name", "role", "dept_id", "is_white_listed", "white_list_end_date", "created_at", "updated_at") VALUES (?, ?, ?, ?, ?, ?, ?, ?)[0m  [["email", "charlie@example.com"], ["name", "Charlie Lee"], ["role", "Technician"], ["dept_id", "EE"], ["is_white_listed", 0], ["white_list_end_date", nil], ["created_at", "2025-02-17 20:24:19.506870"], ["updated_at", "2025-02-17 20:24:19.506870"]]
  [1m[36mTRANSACTION (0.8ms)[0m  [1m[36mcommit transaction[0m
  [1m[36mTRANSACTION (0.0ms)[0m  [1m[36mbegin transaction[0m
  [1m[36mCategory Load (0.7ms)[0m  [1m[34mSELECT "categories".* FROM "categories" WHERE "categories"."cat_id" = ? LIMIT ?[0m  [["cat_id", "TOOL"], ["LIMIT", 1]]
  [1m[36mItem Create (0.7ms)[0m  [1m[32mINSERT INTO "items" ("item_id", "name", "description", "category_id", "created_at", "updated_at") VALUES (?, ?, ?, ?, ?, ?)[0m  [["item_id", "IT001"], ["name", "Hammer"], ["description", "16 oz claw hammer"], ["category_id", "TOOL"], ["created_at", "2025-02-17 20:24:19.529714"], ["updated_at", "2025-02-17 20:24:19.529714"]]
  [1m[36mTRANSACTION (1.1ms)[0m  [1m[36mcommit transaction[0m
  [1m[36mTRANSACTION (0.0ms)[0m  [1m[36mbegin transaction[0m
  [1m[36mCategory Load (0.2ms)[0m  [1m[34mSELECT "categories".* FROM "categories" WHERE "categories"."cat_id" = ? LIMIT ?[0m  [["cat_id", "EQUIP"], ["LIMIT", 1]]
  [1m[36mItem Create (0.6ms)[0m  [1m[32mINSERT INTO "items" ("item_id", "name", "description", "category_id", "created_at", "updated_at") VALUES (?, ?, ?, ?, ?, ?)[0m  [["item_id", "IT002"], ["name", "Excavator"], ["description", "Medium-sized hydraulic excavator"], ["category_id", "EQUIP"], ["created_at", "2025-02-17 20:24:19.535446"], ["updated_at", "2025-02-17 20:24:19.535446"]]
  [1m[36mTRANSACTION (0.8ms)[0m  [1m[36mcommit transaction[0m
  [1m[36mTRANSACTION (0.0ms)[0m  [1m[36mbegin transaction[0m
  [1m[36mCategory Load (0.2ms)[0m  [1m[34mSELECT "categories".* FROM "categories" WHERE "categories"."cat_id" = ? LIMIT ?[0m  [["cat_id", "MAT"], ["LIMIT", 1]]
  [1m[36mItem Create (0.6ms)[0m  [1m[32mINSERT INTO "items" ("item_id", "name", "description", "category_id", "created_at", "updated_at") VALUES (?, ?, ?, ?, ?, ?)[0m  [["item_id", "IT003"], ["name", "Cement"], ["description", "50 kg bag of cement"], ["category_id", "MAT"], ["created_at", "2025-02-17 20:24:19.540125"], ["updated_at", "2025-02-17 20:24:19.540125"]]
  [1m[36mTRANSACTION (1.2ms)[0m  [1m[36mcommit transaction[0m
  [1m[36mTRANSACTION (0.0ms)[0m  [1m[36mbegin transaction[0m
  [1m[36mItem Load (0.2ms)[0m  [1m[34mSELECT "items".* FROM "items" WHERE "items"."item_id" = ? LIMIT ?[0m  [["item_id", "IT001"], ["LIMIT", 1]]
  [1m[36mUser Load (0.1ms)[0m  [1m[34mSELECT "users".* FROM "users" WHERE "users"."email" = ? LIMIT ?[0m  [["email", "alice@example.com"], ["LIMIT", 1]]
  [1m[36mUser Load (0.0ms)[0m  [1m[34mSELECT "users".* FROM "users" WHERE "users"."email" = ? LIMIT ?[0m  [["email", "bob@example.com"], ["LIMIT", 1]]
  [1m[36mInventory Create (0.9ms)[0m  [1m[32mINSERT INTO "inventories" ("item_id", "year_of_purchase", "location", "condition_of_item", "owner_email", "user_email", "sku", "created_at", "updated_at") VALUES (?, ?, ?, ?, ?, ?, ?, ?, ?)[0m  [["item_id", "IT001"], ["year_of_purchase", "2023-05-10"], ["location", "Tool Shed"], ["condition_of_item", "New"], ["owner_email", "alice@example.com"], ["user_email", "bob@example.com"], ["sku", "TOOL001"], ["created_at", "2025-02-17 20:24:19.553552"], ["updated_at", "2025-02-17 20:24:19.553552"]]
  [1m[36mTRANSACTION (1.2ms)[0m  [1m[36mcommit transaction[0m
  [1m[36mTRANSACTION (0.0ms)[0m  [1m[36mbegin transaction[0m
  [1m[36mItem Load (0.2ms)[0m  [1m[34mSELECT "items".* FROM "items" WHERE "items"."item_id" = ? LIMIT ?[0m  [["item_id", "IT002"], ["LIMIT", 1]]
  [1m[36mUser Load (0.0ms)[0m  [1m[34mSELECT "users".* FROM "users" WHERE "users"."email" = ? LIMIT ?[0m  [["email", "bob@example.com"], ["LIMIT", 1]]
  [1m[36mUser Load (0.0ms)[0m  [1m[34mSELECT "users".* FROM "users" WHERE "users"."email" = ? LIMIT ?[0m  [["email", "charlie@example.com"], ["LIMIT", 1]]
  [1m[36mInventory Create (0.6ms)[0m  [1m[32mINSERT INTO "inventories" ("item_id", "year_of_purchase", "location", "condition_of_item", "owner_email", "user_email", "sku", "created_at", "updated_at") VALUES (?, ?, ?, ?, ?, ?, ?, ?, ?)[0m  [["item_id", "IT002"], ["year_of_purchase", "2023-06-15"], ["location", "Equipment Yard"], ["condition_of_item", "Used"], ["owner_email", "bob@example.com"], ["user_email", "charlie@example.com"], ["sku", "EQP001"], ["created_at", "2025-02-17 20:24:19.561626"], ["updated_at", "2025-02-17 20:24:19.561626"]]
  [1m[36mTRANSACTION (0.9ms)[0m  [1m[36mcommit transaction[0m
  [1m[36mTRANSACTION (0.0ms)[0m  [1m[36mbegin transaction[0m
  [1m[36mItem Load (0.2ms)[0m  [1m[34mSELECT "items".* FROM "items" WHERE "items"."item_id" = ? LIMIT ?[0m  [["item_id", "IT003"], ["LIMIT", 1]]
  [1m[36mUser Load (0.0ms)[0m  [1m[34mSELECT "users".* FROM "users" WHERE "users"."email" = ? LIMIT ?[0m  [["email", "alice@example.com"], ["LIMIT", 1]]
  [1m[36mUser Load (0.0ms)[0m  [1m[34mSELECT "users".* FROM "users" WHERE "users"."email" = ? LIMIT ?[0m  [["email", "charlie@example.com"], ["LIMIT", 1]]
  [1m[36mInventory Create (0.6ms)[0m  [1m[32mINSERT INTO "inventories" ("item_id", "year_of_purchase", "location", "condition_of_item", "owner_email", "user_email", "sku", "created_at", "updated_at") VALUES (?, ?, ?, ?, ?, ?, ?, ?, ?)[0m  [["item_id", "IT003"], ["year_of_purchase", "2022-11-01"], ["location", "Warehouse A"], ["condition_of_item", "New"], ["owner_email", "alice@example.com"], ["user_email", "charlie@example.com"], ["sku", "MAT001"], ["created_at", "2025-02-17 20:24:19.568470"], ["updated_at", "2025-02-17 20:24:19.568470"]]
  [1m[36mTRANSACTION (0.8ms)[0m  [1m[36mcommit transaction[0m
[dotenv] Set [36mGOOGLE_OAUTH_CLIENT_ID[0m and [36mGOOGLE_OAUTH_CLIENT_SECRET[0m
[dotenv] Loaded [33m.env[0m
  [1m[36mActiveRecord::SchemaMigration Pluck (1.0ms)[0m  [1m[34mSELECT "schema_migrations"."version" FROM "schema_migrations" ORDER BY "schema_migrations"."version" ASC[0m
  [1m[36mActiveRecord::InternalMetadata Load (1.5ms)[0m  [1m[34mSELECT "ar_internal_metadata".* FROM "ar_internal_metadata" WHERE "ar_internal_metadata"."key" = ? LIMIT ?[0m  [["key", "environment"], ["LIMIT", 1]]
  [1m[36mActiveRecord::SchemaMigration Pluck (0.1ms)[0m  [1m[34mSELECT "schema_migrations"."version" FROM "schema_migrations" ORDER BY "schema_migrations"."version" ASC[0m
[dotenv] Set [36mGOOGLE_OAUTH_CLIENT_ID[0m and [36mGOOGLE_OAUTH_CLIENT_SECRET[0m
[dotenv] Loaded [33m.env[0m
Started GET "/" for 172.17.0.1 at 2025-02-17 20:24:39 +0000
Cannot render console from 172.17.0.1! Allowed networks: 127.0.0.0/127.255.255.255, ::1
  [1m[36mActiveRecord::SchemaMigration Pluck (1.1ms)[0m  [1m[34mSELECT "schema_migrations"."version" FROM "schema_migrations" ORDER BY "schema_migrations"."version" ASC[0m
Processing by DashboardsController#show as HTML
Completed 401 Unauthorized in 22ms (ActiveRecord: 0.0ms | Allocations: 6532)


Started GET "/admins/sign_in" for 172.17.0.1 at 2025-02-17 20:24:39 +0000
Cannot render console from 172.17.0.1! Allowed networks: 127.0.0.0/127.255.255.255, ::1
Processing by Admins::SessionsController#new as HTML
  Rendering layout layouts/application.html.erb
  Rendering admins/sessions/new.html.erb within layouts/application
  Rendered admins/sessions/new.html.erb within layouts/application (Duration: 301.9ms | Allocations: 68650)
  Rendered layout layouts/application.html.erb (Duration: 308.3ms | Allocations: 72551)
Completed 200 OK in 339ms (Views: 325.8ms | ActiveRecord: 1.0ms | Allocations: 82510)


Started POST "/admins/auth/google_oauth2" for 172.17.0.1 at 2025-02-17 20:24:42 +0000
Cannot render console from 172.17.0.1! Allowed networks: 127.0.0.0/127.255.255.255, ::1
Started GET "/admins/auth/google_oauth2/callback?state=4b4676ba540c38f5d3aa6ba0d65455909afc14bf9cce1e36&code=4%2F0ASVgi3LVFLskYcWJFWbsSoLdMV6iwF7ybj4u_l8m8lbej0fRx5wMor4DTkXDsyUWX17Y6g&scope=email+profile+https%3A%2F%2Fwww.googleapis.com%2Fauth%2Fuserinfo.profile+openid+https%3A%2F%2Fwww.googleapis.com%2Fauth%2Fuserinfo.email&authuser=0&hd=tamu.edu&prompt=none" for 172.17.0.1 at 2025-02-17 20:24:44 +0000
Cannot render console from 172.17.0.1! Allowed networks: 127.0.0.0/127.255.255.255, ::1
Processing by Admins::OmniauthCallbacksController#google_oauth2 as HTML
  Parameters: {"state"=>"4b4676ba540c38f5d3aa6ba0d65455909afc14bf9cce1e36", "code"=>"4/0ASVgi3LVFLskYcWJFWbsSoLdMV6iwF7ybj4u_l8m8lbej0fRx5wMor4DTkXDsyUWX17Y6g", "scope"=>"email profile https://www.googleapis.com/auth/userinfo.profile openid https://www.googleapis.com/auth/userinfo.email", "authuser"=>"0", "hd"=>"tamu.edu", "prompt"=>"none"}
  [1m[36mAdmin Load (1.8ms)[0m  [1m[34mSELECT "admins".* FROM "admins" WHERE "admins"."email" = ? LIMIT ?[0m  [["email", "suresh06192004@tamu.edu"], ["LIMIT", 1]]
  â†³ app/models/admin.rb:6:in `from_google'
  [1m[36mTRANSACTION (0.2ms)[0m  [1m[36mbegin transaction[0m
  â†³ app/models/admin.rb:6:in `from_google'
  [1m[36mAdmin Create (4.8ms)[0m  [1m[32mINSERT INTO "admins" ("email", "full_name", "uid", "avatar_url", "created_at", "updated_at") VALUES (?, ?, ?, ?, ?, ?)[0m  [["email", "suresh06192004@tamu.edu"], ["full_name", "Vishal Suresh"], ["uid", "118052526919182192853"], ["avatar_url", "https://lh3.googleusercontent.com/a/ACg8ocLKhn59LWgwoqKPoTFeLHbgdK5FpGJHgHoSRy-ZGBgPd0HMfg"], ["created_at", "2025-02-17 20:24:45.330342"], ["updated_at", "2025-02-17 20:24:45.330342"]]
  â†³ app/models/admin.rb:6:in `from_google'
  [1m[36mTRANSACTION (1.9ms)[0m  [1m[36mcommit transaction[0m
  â†³ app/models/admin.rb:6:in `from_google'
Redirected to http://localhost:3000/
Completed 302 Found in 25ms (ActiveRecord: 8.6ms | Allocations: 6131)


Started GET "/" for 172.17.0.1 at 2025-02-17 20:24:45 +0000
Cannot render console from 172.17.0.1! Allowed networks: 127.0.0.0/127.255.255.255, ::1
Processing by DashboardsController#show as HTML
  [1m[36mAdmin Load (0.4ms)[0m  [1m[34mSELECT "admins".* FROM "admins" WHERE "admins"."id" = ? ORDER BY "admins"."id" ASC LIMIT ?[0m  [["id", 3], ["LIMIT", 1]]
  Rendering layout layouts/application.html.erb
  Rendering dashboards/show.html.erb within layouts/application
  Rendered dashboards/show.html.erb within layouts/application (Duration: 1.0ms | Allocations: 239)
  Rendered layout layouts/application.html.erb (Duration: 4.9ms | Allocations: 1750)
Completed 200 OK in 10ms (Views: 6.5ms | ActiveRecord: 0.4ms | Allocations: 4237)


Started GET "/" for 172.17.0.1 at 2025-02-17 20:25:12 +0000
Cannot render console from 172.17.0.1! Allowed networks: 127.0.0.0/127.255.255.255, ::1
Processing by InventoriesController#index as HTML
  [1m[36mAdmin Load (0.2ms)[0m  [1m[34mSELECT "admins".* FROM "admins" WHERE "admins"."id" = ? ORDER BY "admins"."id" ASC LIMIT ?[0m  [["id", 3], ["LIMIT", 1]]
  Rendering layout layouts/application.html.erb
  Rendering inventories/index.html.erb within layouts/application
  [1m[36mInventory Load (0.5ms)[0m  [1m[34mSELECT "inventories".* FROM "inventories"[0m
  â†³ app/views/inventories/index.html.erb:37
  [1m[36mItem Load (0.4ms)[0m  [1m[34mSELECT "items".* FROM "items" WHERE "items"."item_id" = ? LIMIT ?[0m  [["item_id", "IT001"], ["LIMIT", 1]]
  â†³ app/views/inventories/index.html.erb:40
  [1m[36mUser Load (0.3ms)[0m  [1m[34mSELECT "users".* FROM "users" WHERE "users"."email" = ? LIMIT ?[0m  [["email", "alice@example.com"], ["LIMIT", 1]]
  â†³ app/views/inventories/index.html.erb:44
  [1m[36mUser Load (0.3ms)[0m  [1m[34mSELECT "users".* FROM "users" WHERE "users"."email" = ? LIMIT ?[0m  [["email", "bob@example.com"], ["LIMIT", 1]]
  â†³ app/views/inventories/index.html.erb:45
  Rendered inventories/index.html.erb within layouts/application (Duration: 65.3ms | Allocations: 30862)
  Rendered layout layouts/application.html.erb (Duration: 65.8ms | Allocations: 30960)
Completed 500 Internal Server Error in 83ms (ActiveRecord: 4.6ms | Allocations: 38550)


  
ActionView::Template::Error (undefined method `delete_inventory_path' for #<ActionView::Base:0x00000000013948>

              '.freeze;@output_buffer.append=( link_to("Delete", delete_inventory_path(inventory), class: "deleteButton") );@output_buffer.safe_append='
                                                                 ^^^^^^^^^^^^^^^^^^^^^
Did you mean?  delete_category_path
               edit_inventory_path):
    45:             <td class="tableCell"><%= inventory.current_user.name %></td>
    46:             <td class="tableCell"><%= inventory.sku %></td>
    47:             <td class="tableCell actions">
    48:               <%= link_to("Delete", delete_inventory_path(inventory), class: "deleteButton") %>
    49:             </td>
    50:             <td class="tableCell actions">
    51:               <%= link_to("Edit", edit_inventory_path(inventory), class: "deleteButton") %>
  
app/views/inventories/index.html.erb:48
app/views/inventories/index.html.erb:37
Started GET "/" for 172.17.0.1 at 2025-02-17 20:26:42 +0000
Cannot render console from 172.17.0.1! Allowed networks: 127.0.0.0/127.255.255.255, ::1
Processing by InventoriesController#index as HTML
  [1m[36mAdmin Load (0.3ms)[0m  [1m[34mSELECT "admins".* FROM "admins" WHERE "admins"."id" = ? ORDER BY "admins"."id" ASC LIMIT ?[0m  [["id", 3], ["LIMIT", 1]]
  Rendering layout layouts/application.html.erb
  Rendering inventories/index.html.erb within layouts/application
  [1m[36mInventory Load (0.2ms)[0m  [1m[34mSELECT "inventories".* FROM "inventories"[0m
  â†³ app/views/inventories/index.html.erb:37
  [1m[36mItem Load (0.1ms)[0m  [1m[34mSELECT "items".* FROM "items" WHERE "items"."item_id" = ? LIMIT ?[0m  [["item_id", "IT001"], ["LIMIT", 1]]
  â†³ app/views/inventories/index.html.erb:40
  [1m[36mUser Load (0.1ms)[0m  [1m[34mSELECT "users".* FROM "users" WHERE "users"."email" = ? LIMIT ?[0m  [["email", "alice@example.com"], ["LIMIT", 1]]
  â†³ app/views/inventories/index.html.erb:44
  [1m[36mUser Load (0.1ms)[0m  [1m[34mSELECT "users".* FROM "users" WHERE "users"."email" = ? LIMIT ?[0m  [["email", "bob@example.com"], ["LIMIT", 1]]
  â†³ app/views/inventories/index.html.erb:45
  Rendered inventories/index.html.erb within layouts/application (Duration: 26.2ms | Allocations: 10874)
  Rendered layout layouts/application.html.erb (Duration: 26.8ms | Allocations: 10960)
Completed 500 Internal Server Error in 34ms (ActiveRecord: 0.9ms | Allocations: 13562)


  
ActionView::Template::Error (undefined method `delete_inventories_path' for #<ActionView::Base:0x00000000013b00>

              '.freeze;@output_buffer.append=( link_to("Delete", delete_inventories_path(inventory), class: "deleteButton") );@output_buffer.safe_append='
                                                                 ^^^^^^^^^^^^^^^^^^^^^^^
Did you mean?  delete_category_path):
    45:             <td class="tableCell"><%= inventory.current_user.name %></td>
    46:             <td class="tableCell"><%= inventory.sku %></td>
    47:             <td class="tableCell actions">
    48:               <%= link_to("Delete", delete_inventories_path(inventory), class: "deleteButton") %>
    49:             </td>
    50:             <td class="tableCell actions">
    51:               <%= link_to("Edit", edit_inventory_path(inventory), class: "deleteButton") %>
  
app/views/inventories/index.html.erb:48
app/views/inventories/index.html.erb:37
Started GET "/" for 172.17.0.1 at 2025-02-17 20:27:45 +0000
Cannot render console from 172.17.0.1! Allowed networks: 127.0.0.0/127.255.255.255, ::1
Processing by InventoriesController#index as HTML
  [1m[36mAdmin Load (0.2ms)[0m  [1m[34mSELECT "admins".* FROM "admins" WHERE "admins"."id" = ? ORDER BY "admins"."id" ASC LIMIT ?[0m  [["id", 3], ["LIMIT", 1]]
  Rendering layout layouts/application.html.erb
  Rendering inventories/index.html.erb within layouts/application
  [1m[36mInventory Load (0.2ms)[0m  [1m[34mSELECT "inventories".* FROM "inventories"[0m
  â†³ app/views/inventories/index.html.erb:37
  [1m[36mItem Load (0.3ms)[0m  [1m[34mSELECT "items".* FROM "items" WHERE "items"."item_id" = ? LIMIT ?[0m  [["item_id", "IT001"], ["LIMIT", 1]]
  â†³ app/views/inventories/index.html.erb:40
  [1m[36mUser Load (0.2ms)[0m  [1m[34mSELECT "users".* FROM "users" WHERE "users"."email" = ? LIMIT ?[0m  [["email", "alice@example.com"], ["LIMIT", 1]]
  â†³ app/views/inventories/index.html.erb:44
  [1m[36mUser Load (0.2ms)[0m  [1m[34mSELECT "users".* FROM "users" WHERE "users"."email" = ? LIMIT ?[0m  [["email", "bob@example.com"], ["LIMIT", 1]]
  â†³ app/views/inventories/index.html.erb:45
  Rendered inventories/index.html.erb within layouts/application (Duration: 27.1ms | Allocations: 10841)
  Rendered layout layouts/application.html.erb (Duration: 27.7ms | Allocations: 10927)
Completed 500 Internal Server Error in 35ms (ActiveRecord: 1.1ms | Allocations: 13436)


  
ActionView::Template::Error (undefined method `delete_inventory_path' for #<ActionView::Base:0x00000000013d08>

              '.freeze;@output_buffer.append=( link_to("Delete", delete_inventory_path(inventory), class: "deleteButton") );@output_buffer.safe_append='
                                                                 ^^^^^^^^^^^^^^^^^^^^^
Did you mean?  delete_category_path
               edit_inventory_path):
    45:             <td class="tableCell"><%= inventory.current_user.name %></td>
    46:             <td class="tableCell"><%= inventory.sku %></td>
    47:             <td class="tableCell actions">
    48:               <%= link_to("Delete", delete_inventory_path(inventory), class: "deleteButton") %>
    49:             </td>
    50:             <td class="tableCell actions">
    51:               <%= link_to("Edit", edit_inventory_path(inventory), class: "deleteButton") %>
  
app/views/inventories/index.html.erb:48
app/views/inventories/index.html.erb:37
Started GET "/" for 172.17.0.1 at 2025-02-17 20:27:54 +0000
Cannot render console from 172.17.0.1! Allowed networks: 127.0.0.0/127.255.255.255, ::1
Processing by InventoriesController#index as HTML
  [1m[36mAdmin Load (0.5ms)[0m  [1m[34mSELECT "admins".* FROM "admins" WHERE "admins"."id" = ? ORDER BY "admins"."id" ASC LIMIT ?[0m  [["id", 3], ["LIMIT", 1]]
  Rendering layout layouts/application.html.erb
  Rendering inventories/index.html.erb within layouts/application
  [1m[36mInventory Load (0.5ms)[0m  [1m[34mSELECT "inventories".* FROM "inventories"[0m
  â†³ app/views/inventories/index.html.erb:37
  [1m[36mItem Load (0.3ms)[0m  [1m[34mSELECT "items".* FROM "items" WHERE "items"."item_id" = ? LIMIT ?[0m  [["item_id", "IT001"], ["LIMIT", 1]]
  â†³ app/views/inventories/index.html.erb:40
  [1m[36mUser Load (0.3ms)[0m  [1m[34mSELECT "users".* FROM "users" WHERE "users"."email" = ? LIMIT ?[0m  [["email", "alice@example.com"], ["LIMIT", 1]]
  â†³ app/views/inventories/index.html.erb:44
  [1m[36mUser Load (0.3ms)[0m  [1m[34mSELECT "users".* FROM "users" WHERE "users"."email" = ? LIMIT ?[0m  [["email", "bob@example.com"], ["LIMIT", 1]]
  â†³ app/views/inventories/index.html.erb:45
  [1m[36mItem Load (0.2ms)[0m  [1m[34mSELECT "items".* FROM "items" WHERE "items"."item_id" = ? LIMIT ?[0m  [["item_id", "IT002"], ["LIMIT", 1]]
  â†³ app/views/inventories/index.html.erb:40
  [1m[36mCACHE User Load (0.0ms)[0m  [1m[34mSELECT "users".* FROM "users" WHERE "users"."email" = ? LIMIT ?[0m  [["email", "bob@example.com"], ["LIMIT", 1]]
  â†³ app/views/inventories/index.html.erb:44
  [1m[36mUser Load (0.3ms)[0m  [1m[34mSELECT "users".* FROM "users" WHERE "users"."email" = ? LIMIT ?[0m  [["email", "charlie@example.com"], ["LIMIT", 1]]
  â†³ app/views/inventories/index.html.erb:45
  [1m[36mItem Load (0.2ms)[0m  [1m[34mSELECT "items".* FROM "items" WHERE "items"."item_id" = ? LIMIT ?[0m  [["item_id", "IT003"], ["LIMIT", 1]]
  â†³ app/views/inventories/index.html.erb:40
  [1m[36mCACHE User Load (0.0ms)[0m  [1m[34mSELECT "users".* FROM "users" WHERE "users"."email" = ? LIMIT ?[0m  [["email", "alice@example.com"], ["LIMIT", 1]]
  â†³ app/views/inventories/index.html.erb:44
  [1m[36mCACHE User Load (0.0ms)[0m  [1m[34mSELECT "users".* FROM "users" WHERE "users"."email" = ? LIMIT ?[0m  [["email", "charlie@example.com"], ["LIMIT", 1]]
  â†³ app/views/inventories/index.html.erb:45
  Rendered inventories/index.html.erb within layouts/application (Duration: 24.6ms | Allocations: 9859)
  Rendered layout layouts/application.html.erb (Duration: 32.4ms | Allocations: 13662)
Completed 200 OK in 49ms (Views: 33.8ms | ActiveRecord: 2.5ms | Allocations: 16193)


Started GET "/inventories/1/edit" for 172.17.0.1 at 2025-02-17 20:27:56 +0000
Cannot render console from 172.17.0.1! Allowed networks: 127.0.0.0/127.255.255.255, ::1
Processing by InventoriesController#edit as HTML
  Parameters: {"id"=>"1"}
  [1m[36mAdmin Load (0.3ms)[0m  [1m[34mSELECT "admins".* FROM "admins" WHERE "admins"."id" = ? ORDER BY "admins"."id" ASC LIMIT ?[0m  [["id", 3], ["LIMIT", 1]]
  [1m[36mInventory Load (0.5ms)[0m  [1m[34mSELECT "inventories".* FROM "inventories" WHERE "inventories"."inv_id" = ? LIMIT ?[0m  [["inv_id", 1], ["LIMIT", 1]]
  â†³ app/controllers/inventories_controller.rb:58:in `set_inventory'
  Rendering layout layouts/application.html.erb
  Rendering inventories/edit.html.erb within layouts/application
  Rendered inventories/_form.html.erb (Duration: 22.2ms | Allocations: 6257)
  Rendered inventories/edit.html.erb within layouts/application (Duration: 25.0ms | Allocations: 6551)
  Rendered layout layouts/application.html.erb (Duration: 29.1ms | Allocations: 7939)
Completed 200 OK in 39ms (Views: 29.8ms | ActiveRecord: 0.8ms | Allocations: 11075)


Started GET "/inventories" for 172.17.0.1 at 2025-02-17 20:27:57 +0000
Cannot render console from 172.17.0.1! Allowed networks: 127.0.0.0/127.255.255.255, ::1
Processing by InventoriesController#index as HTML
  [1m[36mAdmin Load (0.3ms)[0m  [1m[34mSELECT "admins".* FROM "admins" WHERE "admins"."id" = ? ORDER BY "admins"."id" ASC LIMIT ?[0m  [["id", 3], ["LIMIT", 1]]
  Rendering layout layouts/application.html.erb
  Rendering inventories/index.html.erb within layouts/application
  [1m[36mInventory Load (0.2ms)[0m  [1m[34mSELECT "inventories".* FROM "inventories"[0m
  â†³ app/views/inventories/index.html.erb:37
  [1m[36mItem Load (0.2ms)[0m  [1m[34mSELECT "items".* FROM "items" WHERE "items"."item_id" = ? LIMIT ?[0m  [["item_id", "IT001"], ["LIMIT", 1]]
  â†³ app/views/inventories/index.html.erb:40
  [1m[36mUser Load (0.2ms)[0m  [1m[34mSELECT "users".* FROM "users" WHERE "users"."email" = ? LIMIT ?[0m  [["email", "alice@example.com"], ["LIMIT", 1]]
  â†³ app/views/inventories/index.html.erb:44
  [1m[36mUser Load (0.2ms)[0m  [1m[34mSELECT "users".* FROM "users" WHERE "users"."email" = ? LIMIT ?[0m  [["email", "bob@example.com"], ["LIMIT", 1]]
  â†³ app/views/inventories/index.html.erb:45
  [1m[36mItem Load (0.2ms)[0m  [1m[34mSELECT "items".* FROM "items" WHERE "items"."item_id" = ? LIMIT ?[0m  [["item_id", "IT002"], ["LIMIT", 1]]
  â†³ app/views/inventories/index.html.erb:40
  [1m[36mCACHE User Load (0.0ms)[0m  [1m[34mSELECT "users".* FROM "users" WHERE "users"."email" = ? LIMIT ?[0m  [["email", "bob@example.com"], ["LIMIT", 1]]
  â†³ app/views/inventories/index.html.erb:44
  [1m[36mUser Load (0.2ms)[0m  [1m[34mSELECT "users".* FROM "users" WHERE "users"."email" = ? LIMIT ?[0m  [["email", "charlie@example.com"], ["LIMIT", 1]]
  â†³ app/views/inventories/index.html.erb:45
  [1m[36mItem Load (0.2ms)[0m  [1m[34mSELECT "items".* FROM "items" WHERE "items"."item_id" = ? LIMIT ?[0m  [["item_id", "IT003"], ["LIMIT", 1]]
  â†³ app/views/inventories/index.html.erb:40
  [1m[36mCACHE User Load (0.0ms)[0m  [1m[34mSELECT "users".* FROM "users" WHERE "users"."email" = ? LIMIT ?[0m  [["email", "alice@example.com"], ["LIMIT", 1]]
  â†³ app/views/inventories/index.html.erb:44
  [1m[36mCACHE User Load (0.0ms)[0m  [1m[34mSELECT "users".* FROM "users" WHERE "users"."email" = ? LIMIT ?[0m  [["email", "charlie@example.com"], ["LIMIT", 1]]
  â†³ app/views/inventories/index.html.erb:45
  Rendered inventories/index.html.erb within layouts/application (Duration: 17.5ms | Allocations: 8893)
  Rendered layout layouts/application.html.erb (Duration: 20.1ms | Allocations: 9955)
Completed 200 OK in 24ms (Views: 19.2ms | ActiveRecord: 1.7ms | Allocations: 11911)


Started GET "/inventories" for 172.17.0.1 at 2025-02-17 20:29:16 +0000
Cannot render console from 172.17.0.1! Allowed networks: 127.0.0.0/127.255.255.255, ::1
Processing by InventoriesController#index as HTML
  [1m[36mAdmin Load (0.5ms)[0m  [1m[34mSELECT "admins".* FROM "admins" WHERE "admins"."id" = ? ORDER BY "admins"."id" ASC LIMIT ?[0m  [["id", 3], ["LIMIT", 1]]
  Rendering layout layouts/application.html.erb
  Rendering inventories/index.html.erb within layouts/application
  [1m[36mInventory Load (0.5ms)[0m  [1m[34mSELECT "inventories".* FROM "inventories"[0m
  â†³ app/views/inventories/index.html.erb:37
  [1m[36mItem Load (0.3ms)[0m  [1m[34mSELECT "items".* FROM "items" WHERE "items"."item_id" = ? LIMIT ?[0m  [["item_id", "IT001"], ["LIMIT", 1]]
  â†³ app/views/inventories/index.html.erb:40
  [1m[36mUser Load (0.3ms)[0m  [1m[34mSELECT "users".* FROM "users" WHERE "users"."email" = ? LIMIT ?[0m  [["email", "alice@example.com"], ["LIMIT", 1]]
  â†³ app/views/inventories/index.html.erb:44
  [1m[36mUser Load (0.2ms)[0m  [1m[34mSELECT "users".* FROM "users" WHERE "users"."email" = ? LIMIT ?[0m  [["email", "bob@example.com"], ["LIMIT", 1]]
  â†³ app/views/inventories/index.html.erb:45
  [1m[36mItem Load (0.2ms)[0m  [1m[34mSELECT "items".* FROM "items" WHERE "items"."item_id" = ? LIMIT ?[0m  [["item_id", "IT002"], ["LIMIT", 1]]
  â†³ app/views/inventories/index.html.erb:40
  [1m[36mCACHE User Load (0.0ms)[0m  [1m[34mSELECT "users".* FROM "users" WHERE "users"."email" = ? LIMIT ?[0m  [["email", "bob@example.com"], ["LIMIT", 1]]
  â†³ app/views/inventories/index.html.erb:44
  [1m[36mUser Load (0.2ms)[0m  [1m[34mSELECT "users".* FROM "users" WHERE "users"."email" = ? LIMIT ?[0m  [["email", "charlie@example.com"], ["LIMIT", 1]]
  â†³ app/views/inventories/index.html.erb:45
  [1m[36mItem Load (0.2ms)[0m  [1m[34mSELECT "items".* FROM "items" WHERE "items"."item_id" = ? LIMIT ?[0m  [["item_id", "IT003"], ["LIMIT", 1]]
  â†³ app/views/inventories/index.html.erb:40
  [1m[36mCACHE User Load (0.0ms)[0m  [1m[34mSELECT "users".* FROM "users" WHERE "users"."email" = ? LIMIT ?[0m  [["email", "alice@example.com"], ["LIMIT", 1]]
  â†³ app/views/inventories/index.html.erb:44
  [1m[36mCACHE User Load (0.0ms)[0m  [1m[34mSELECT "users".* FROM "users" WHERE "users"."email" = ? LIMIT ?[0m  [["email", "charlie@example.com"], ["LIMIT", 1]]
  â†³ app/views/inventories/index.html.erb:45
  Rendered inventories/index.html.erb within layouts/application (Duration: 51.8ms | Allocations: 21004)
  Rendered layout layouts/application.html.erb (Duration: 58.7ms | Allocations: 24935)
Completed 200 OK in 80ms (Views: 57.3ms | ActiveRecord: 5.5ms | Allocations: 32466)


Started GET "/inventories/3/delete" for 172.17.0.1 at 2025-02-17 20:29:20 +0000
Cannot render console from 172.17.0.1! Allowed networks: 127.0.0.0/127.255.255.255, ::1
Processing by InventoriesController#delete as HTML
  Parameters: {"id"=>"3"}
  [1m[36mAdmin Load (0.2ms)[0m  [1m[34mSELECT "admins".* FROM "admins" WHERE "admins"."id" = ? ORDER BY "admins"."id" ASC LIMIT ?[0m  [["id", 3], ["LIMIT", 1]]
  [1m[36mInventory Load (0.3ms)[0m  [1m[34mSELECT "inventories".* FROM "inventories" WHERE "inventories"."inv_id" = ? LIMIT ?[0m  [["inv_id", 3], ["LIMIT", 1]]
  â†³ app/controllers/inventories_controller.rb:44:in `delete'
  Rendering layout layouts/application.html.erb
  Rendering inventories/delete.html.erb within layouts/application
  [1m[36mItem Load (0.3ms)[0m  [1m[34mSELECT "items".* FROM "items" WHERE "items"."item_id" = ? LIMIT ?[0m  [["item_id", "IT003"], ["LIMIT", 1]]
  â†³ app/views/inventories/delete.html.erb:10
  Rendered inventories/delete.html.erb within layouts/application (Duration: 3.9ms | Allocations: 1314)
  Rendered layout layouts/application.html.erb (Duration: 6.8ms | Allocations: 2584)
Completed 200 OK in 12ms (Views: 7.1ms | ActiveRecord: 0.8ms | Allocations: 5636)


Started DELETE "/inventories/3" for 172.17.0.1 at 2025-02-17 20:29:22 +0000
Cannot render console from 172.17.0.1! Allowed networks: 127.0.0.0/127.255.255.255, ::1
Processing by InventoriesController#destroy as HTML
  Parameters: {"authenticity_token"=>"[FILTERED]", "commit"=>"Delete Entry", "id"=>"3"}
  [1m[36mAdmin Load (0.2ms)[0m  [1m[34mSELECT "admins".* FROM "admins" WHERE "admins"."id" = ? ORDER BY "admins"."id" ASC LIMIT ?[0m  [["id", 3], ["LIMIT", 1]]
  [1m[36mInventory Load (0.2ms)[0m  [1m[34mSELECT "inventories".* FROM "inventories" WHERE "inventories"."inv_id" = ? LIMIT ?[0m  [["inv_id", 3], ["LIMIT", 1]]
  â†³ app/controllers/inventories_controller.rb:58:in `set_inventory'
  [1m[36mCACHE Inventory Load (0.0ms)[0m  [1m[34mSELECT "inventories".* FROM "inventories" WHERE "inventories"."inv_id" = ? LIMIT ?[0m  [["inv_id", 3], ["LIMIT", 1]]
  â†³ app/controllers/inventories_controller.rb:48:in `destroy'
  [1m[36mTRANSACTION (0.1ms)[0m  [1m[36mbegin transaction[0m
  â†³ app/controllers/inventories_controller.rb:49:in `destroy'
  [1m[36mInventory Destroy (3.0ms)[0m  [1m[31mDELETE FROM "inventories" WHERE "inventories"."inv_id" = ?[0m  [["inv_id", 3]]
  â†³ app/controllers/inventories_controller.rb:49:in `destroy'
  [1m[36mTRANSACTION (1.2ms)[0m  [1m[36mcommit transaction[0m
  â†³ app/controllers/inventories_controller.rb:49:in `destroy'
  [1m[36mItem Load (0.2ms)[0m  [1m[34mSELECT "items".* FROM "items" WHERE "items"."item_id" = ? LIMIT ?[0m  [["item_id", "IT003"], ["LIMIT", 1]]
  â†³ app/controllers/inventories_controller.rb:50:in `destroy'
Redirected to http://localhost:3000/inventories
Completed 302 Found in 14ms (ActiveRecord: 4.8ms | Allocations: 4871)


Started GET "/inventories" for 172.17.0.1 at 2025-02-17 20:29:22 +0000
Cannot render console from 172.17.0.1! Allowed networks: 127.0.0.0/127.255.255.255, ::1
Processing by InventoriesController#index as HTML
  [1m[36mAdmin Load (0.2ms)[0m  [1m[34mSELECT "admins".* FROM "admins" WHERE "admins"."id" = ? ORDER BY "admins"."id" ASC LIMIT ?[0m  [["id", 3], ["LIMIT", 1]]
  Rendering layout layouts/application.html.erb
  Rendering inventories/index.html.erb within layouts/application
  [1m[36mInventory Load (0.2ms)[0m  [1m[34mSELECT "inventories".* FROM "inventories"[0m
  â†³ app/views/inventories/index.html.erb:37
  [1m[36mItem Load (0.2ms)[0m  [1m[34mSELECT "items".* FROM "items" WHERE "items"."item_id" = ? LIMIT ?[0m  [["item_id", "IT001"], ["LIMIT", 1]]
  â†³ app/views/inventories/index.html.erb:40
  [1m[36mUser Load (0.2ms)[0m  [1m[34mSELECT "users".* FROM "users" WHERE "users"."email" = ? LIMIT ?[0m  [["email", "alice@example.com"], ["LIMIT", 1]]
  â†³ app/views/inventories/index.html.erb:44
  [1m[36mUser Load (0.2ms)[0m  [1m[34mSELECT "users".* FROM "users" WHERE "users"."email" = ? LIMIT ?[0m  [["email", "bob@example.com"], ["LIMIT", 1]]
  â†³ app/views/inventories/index.html.erb:45
  [1m[36mItem Load (0.2ms)[0m  [1m[34mSELECT "items".* FROM "items" WHERE "items"."item_id" = ? LIMIT ?[0m  [["item_id", "IT002"], ["LIMIT", 1]]
  â†³ app/views/inventories/index.html.erb:40
  [1m[36mCACHE User Load (0.0ms)[0m  [1m[34mSELECT "users".* FROM "users" WHERE "users"."email" = ? LIMIT ?[0m  [["email", "bob@example.com"], ["LIMIT", 1]]
  â†³ app/views/inventories/index.html.erb:44
  [1m[36mUser Load (0.2ms)[0m  [1m[34mSELECT "users".* FROM "users" WHERE "users"."email" = ? LIMIT ?[0m  [["email", "charlie@example.com"], ["LIMIT", 1]]
  â†³ app/views/inventories/index.html.erb:45
  Rendered inventories/index.html.erb within layouts/application (Duration: 11.5ms | Allocations: 6849)
  Rendered layout layouts/application.html.erb (Duration: 13.7ms | Allocations: 7918)
Completed 200 OK in 17ms (Views: 13.2ms | ActiveRecord: 1.3ms | Allocations: 9708)


Started GET "/users" for 172.17.0.1 at 2025-02-17 20:29:26 +0000
Cannot render console from 172.17.0.1! Allowed networks: 127.0.0.0/127.255.255.255, ::1
Processing by UsersController#index as HTML
  [1m[36mAdmin Load (0.2ms)[0m  [1m[34mSELECT "admins".* FROM "admins" WHERE "admins"."id" = ? ORDER BY "admins"."id" ASC LIMIT ?[0m  [["id", 3], ["LIMIT", 1]]
  Rendering layout layouts/application.html.erb
  Rendering users/index.html.erb within layouts/application
  [1m[36mUser Load (0.3ms)[0m  [1m[34mSELECT "users".* FROM "users"[0m
  â†³ app/views/users/index.html.erb:3
  Rendered users/index.html.erb within layouts/application (Duration: 3.2ms | Allocations: 1454)
  Rendered layout layouts/application.html.erb (Duration: 6.4ms | Allocations: 2942)
Completed 200 OK in 11ms (Views: 7.9ms | ActiveRecord: 0.5ms | Allocations: 5456)


Started GET "/inventories" for 172.17.0.1 at 2025-02-17 20:29:28 +0000
Cannot render console from 172.17.0.1! Allowed networks: 127.0.0.0/127.255.255.255, ::1
Processing by InventoriesController#index as HTML
  [1m[36mAdmin Load (0.2ms)[0m  [1m[34mSELECT "admins".* FROM "admins" WHERE "admins"."id" = ? ORDER BY "admins"."id" ASC LIMIT ?[0m  [["id", 3], ["LIMIT", 1]]
  Rendering layout layouts/application.html.erb
  Rendering inventories/index.html.erb within layouts/application
  [1m[36mInventory Load (0.2ms)[0m  [1m[34mSELECT "inventories".* FROM "inventories"[0m
  â†³ app/views/inventories/index.html.erb:37
  [1m[36mItem Load (0.2ms)[0m  [1m[34mSELECT "items".* FROM "items" WHERE "items"."item_id" = ? LIMIT ?[0m  [["item_id", "IT001"], ["LIMIT", 1]]
  â†³ app/views/inventories/index.html.erb:40
  [1m[36mUser Load (0.2ms)[0m  [1m[34mSELECT "users".* FROM "users" WHERE "users"."email" = ? LIMIT ?[0m  [["email", "alice@example.com"], ["LIMIT", 1]]
  â†³ app/views/inventories/index.html.erb:44
  [1m[36mUser Load (0.3ms)[0m  [1m[34mSELECT "users".* FROM "users" WHERE "users"."email" = ? LIMIT ?[0m  [["email", "bob@example.com"], ["LIMIT", 1]]
  â†³ app/views/inventories/index.html.erb:45
  [1m[36mItem Load (0.2ms)[0m  [1m[34mSELECT "items".* FROM "items" WHERE "items"."item_id" = ? LIMIT ?[0m  [["item_id", "IT002"], ["LIMIT", 1]]
  â†³ app/views/inventories/index.html.erb:40
  [1m[36mCACHE User Load (0.0ms)[0m  [1m[34mSELECT "users".* FROM "users" WHERE "users"."email" = ? LIMIT ?[0m  [["email", "bob@example.com"], ["LIMIT", 1]]
  â†³ app/views/inventories/index.html.erb:44
  [1m[36mUser Load (0.3ms)[0m  [1m[34mSELECT "users".* FROM "users" WHERE "users"."email" = ? LIMIT ?[0m  [["email", "charlie@example.com"], ["LIMIT", 1]]
  â†³ app/views/inventories/index.html.erb:45
  Rendered inventories/index.html.erb within layouts/application (Duration: 13.6ms | Allocations: 6894)
  Rendered layout layouts/application.html.erb (Duration: 15.8ms | Allocations: 7955)
Completed 200 OK in 19ms (Views: 14.9ms | ActiveRecord: 1.6ms | Allocations: 9827)


Started GET "/departments" for 172.17.0.1 at 2025-02-17 20:29:29 +0000
Cannot render console from 172.17.0.1! Allowed networks: 127.0.0.0/127.255.255.255, ::1
Processing by DepartmentsController#index as HTML
  [1m[36mAdmin Load (0.2ms)[0m  [1m[34mSELECT "admins".* FROM "admins" WHERE "admins"."id" = ? ORDER BY "admins"."id" ASC LIMIT ?[0m  [["id", 3], ["LIMIT", 1]]
  Rendering layout layouts/application.html.erb
  Rendering departments/index.html.erb within layouts/application
  [1m[36mDepartment Load (0.4ms)[0m  [1m[34mSELECT "departments".* FROM "departments"[0m
  â†³ app/views/departments/index.html.erb:12
  Rendered departments/index.html.erb within layouts/application (Duration: 4.7ms | Allocations: 2992)
  Rendered layout layouts/application.html.erb (Duration: 7.8ms | Allocations: 4477)
Completed 200 OK in 14ms (Views: 8.0ms | ActiveRecord: 1.2ms | Allocations: 7928)


Started GET "/inventories" for 172.17.0.1 at 2025-02-17 20:29:32 +0000
Cannot render console from 172.17.0.1! Allowed networks: 127.0.0.0/127.255.255.255, ::1
Processing by InventoriesController#index as HTML
  [1m[36mAdmin Load (0.3ms)[0m  [1m[34mSELECT "admins".* FROM "admins" WHERE "admins"."id" = ? ORDER BY "admins"."id" ASC LIMIT ?[0m  [["id", 3], ["LIMIT", 1]]
  Rendering layout layouts/application.html.erb
  Rendering inventories/index.html.erb within layouts/application
  [1m[36mInventory Load (0.2ms)[0m  [1m[34mSELECT "inventories".* FROM "inventories"[0m
  â†³ app/views/inventories/index.html.erb:37
  [1m[36mItem Load (0.2ms)[0m  [1m[34mSELECT "items".* FROM "items" WHERE "items"."item_id" = ? LIMIT ?[0m  [["item_id", "IT001"], ["LIMIT", 1]]
  â†³ app/views/inventories/index.html.erb:40
  [1m[36mUser Load (0.1ms)[0m  [1m[34mSELECT "users".* FROM "users" WHERE "users"."email" = ? LIMIT ?[0m  [["email", "alice@example.com"], ["LIMIT", 1]]
  â†³ app/views/inventories/index.html.erb:44
  [1m[36mUser Load (0.1ms)[0m  [1m[34mSELECT "users".* FROM "users" WHERE "users"."email" = ? LIMIT ?[0m  [["email", "bob@example.com"], ["LIMIT", 1]]
  â†³ app/views/inventories/index.html.erb:45
  [1m[36mItem Load (0.2ms)[0m  [1m[34mSELECT "items".* FROM "items" WHERE "items"."item_id" = ? LIMIT ?[0m  [["item_id", "IT002"], ["LIMIT", 1]]
  â†³ app/views/inventories/index.html.erb:40
  [1m[36mCACHE User Load (0.0ms)[0m  [1m[34mSELECT "users".* FROM "users" WHERE "users"."email" = ? LIMIT ?[0m  [["email", "bob@example.com"], ["LIMIT", 1]]
  â†³ app/views/inventories/index.html.erb:44
  [1m[36mUser Load (0.2ms)[0m  [1m[34mSELECT "users".* FROM "users" WHERE "users"."email" = ? LIMIT ?[0m  [["email", "charlie@example.com"], ["LIMIT", 1]]
  â†³ app/views/inventories/index.html.erb:45
  Rendered inventories/index.html.erb within layouts/application (Duration: 11.5ms | Allocations: 6896)
  Rendered layout layouts/application.html.erb (Duration: 14.0ms | Allocations: 7958)
Completed 200 OK in 22ms (Views: 13.3ms | ActiveRecord: 1.4ms | Allocations: 9847)


Started GET "/categories" for 172.17.0.1 at 2025-02-17 20:29:33 +0000
Cannot render console from 172.17.0.1! Allowed networks: 127.0.0.0/127.255.255.255, ::1
Processing by CategoriesController#index as HTML
  [1m[36mAdmin Load (0.2ms)[0m  [1m[34mSELECT "admins".* FROM "admins" WHERE "admins"."id" = ? ORDER BY "admins"."id" ASC LIMIT ?[0m  [["id", 3], ["LIMIT", 1]]
  Rendering layout layouts/application.html.erb
  Rendering categories/index.html.erb within layouts/application
  [1m[36mCategory Load (0.5ms)[0m  [1m[34mSELECT "categories".* FROM "categories" ORDER BY "categories"."cat_id" ASC[0m
  â†³ app/views/categories/index.html.erb:13
  Rendered categories/index.html.erb within layouts/application (Duration: 8.2ms | Allocations: 4173)
  Rendered layout layouts/application.html.erb (Duration: 11.8ms | Allocations: 5664)
Completed 200 OK in 21ms (Views: 13.0ms | ActiveRecord: 1.2ms | Allocations: 9603)


Started GET "/categories" for 172.17.0.1 at 2025-02-17 20:30:05 +0000
Cannot render console from 172.17.0.1! Allowed networks: 127.0.0.0/127.255.255.255, ::1
Processing by CategoriesController#index as HTML
  [1m[36mAdmin Load (0.3ms)[0m  [1m[34mSELECT "admins".* FROM "admins" WHERE "admins"."id" = ? ORDER BY "admins"."id" ASC LIMIT ?[0m  [["id", 3], ["LIMIT", 1]]
  Rendering layout layouts/application.html.erb
  Rendering categories/index.html.erb within layouts/application
  [1m[36mCategory Load (0.2ms)[0m  [1m[34mSELECT "categories".* FROM "categories" ORDER BY "categories"."cat_id" ASC[0m
  â†³ app/views/categories/index.html.erb:13
  Rendered categories/index.html.erb within layouts/application (Duration: 2.6ms | Allocations: 1386)
  Rendered layout layouts/application.html.erb (Duration: 7.4ms | Allocations: 3126)
Completed 200 OK in 14ms (Views: 9.5ms | ActiveRecord: 0.5ms | Allocations: 5691)


Started GET "/inventories" for 172.17.0.1 at 2025-02-17 20:30:06 +0000
Cannot render console from 172.17.0.1! Allowed networks: 127.0.0.0/127.255.255.255, ::1
Processing by InventoriesController#index as HTML
  [1m[36mAdmin Load (0.2ms)[0m  [1m[34mSELECT "admins".* FROM "admins" WHERE "admins"."id" = ? ORDER BY "admins"."id" ASC LIMIT ?[0m  [["id", 3], ["LIMIT", 1]]
  Rendering layout layouts/application.html.erb
  Rendering inventories/index.html.erb within layouts/application
  [1m[36mInventory Load (0.2ms)[0m  [1m[34mSELECT "inventories".* FROM "inventories"[0m
  â†³ app/views/inventories/index.html.erb:37
  [1m[36mItem Load (0.2ms)[0m  [1m[34mSELECT "items".* FROM "items" WHERE "items"."item_id" = ? LIMIT ?[0m  [["item_id", "IT001"], ["LIMIT", 1]]
  â†³ app/views/inventories/index.html.erb:40
  [1m[36mUser Load (0.3ms)[0m  [1m[34mSELECT "users".* FROM "users" WHERE "users"."email" = ? LIMIT ?[0m  [["email", "alice@example.com"], ["LIMIT", 1]]
  â†³ app/views/inventories/index.html.erb:44
  [1m[36mUser Load (0.2ms)[0m  [1m[34mSELECT "users".* FROM "users" WHERE "users"."email" = ? LIMIT ?[0m  [["email", "bob@example.com"], ["LIMIT", 1]]
  â†³ app/views/inventories/index.html.erb:45
  [1m[36mItem Load (0.2ms)[0m  [1m[34mSELECT "items".* FROM "items" WHERE "items"."item_id" = ? LIMIT ?[0m  [["item_id", "IT002"], ["LIMIT", 1]]
  â†³ app/views/inventories/index.html.erb:40
  [1m[36mCACHE User Load (0.0ms)[0m  [1m[34mSELECT "users".* FROM "users" WHERE "users"."email" = ? LIMIT ?[0m  [["email", "bob@example.com"], ["LIMIT", 1]]
  â†³ app/views/inventories/index.html.erb:44
  [1m[36mUser Load (0.2ms)[0m  [1m[34mSELECT "users".* FROM "users" WHERE "users"."email" = ? LIMIT ?[0m  [["email", "charlie@example.com"], ["LIMIT", 1]]
  â†³ app/views/inventories/index.html.erb:45
  Rendered inventories/index.html.erb within layouts/application (Duration: 13.6ms | Allocations: 7826)
  Rendered layout layouts/application.html.erb (Duration: 16.3ms | Allocations: 8960)
Completed 200 OK in 22ms (Views: 16.9ms | ActiveRecord: 1.5ms | Allocations: 11247)


Started GET "/inventories/new" for 172.17.0.1 at 2025-02-17 20:30:10 +0000
Cannot render console from 172.17.0.1! Allowed networks: 127.0.0.0/127.255.255.255, ::1
Processing by InventoriesController#new as HTML
  [1m[36mAdmin Load (0.3ms)[0m  [1m[34mSELECT "admins".* FROM "admins" WHERE "admins"."id" = ? ORDER BY "admins"."id" ASC LIMIT ?[0m  [["id", 3], ["LIMIT", 1]]
  Rendering layout layouts/application.html.erb
  Rendering inventories/new.html.erb within layouts/application
  Rendered inventories/_form.html.erb (Duration: 3.2ms | Allocations: 2464)
  Rendered inventories/new.html.erb within layouts/application (Duration: 4.9ms | Allocations: 2743)
  Rendered layout layouts/application.html.erb (Duration: 8.6ms | Allocations: 4009)
Completed 200 OK in 13ms (Views: 9.2ms | ActiveRecord: 0.3ms | Allocations: 5949)


Started POST "/inventories" for 172.17.0.1 at 2025-02-17 20:30:21 +0000
Cannot render console from 172.17.0.1! Allowed networks: 127.0.0.0/127.255.255.255, ::1
Processing by InventoriesController#create as HTML
  Parameters: {"authenticity_token"=>"[FILTERED]", "inventory"=>{"item_id"=>"IT002", "year_of_purchase"=>"2025-02-17", "location"=>"adf", "condition_of_item"=>"adf", "owner_email"=>"alice@example.com", "user_email"=>"alice@example.com", "sku"=>"EQP001"}, "commit"=>"Create Inventory"}
  [1m[36mAdmin Load (0.2ms)[0m  [1m[34mSELECT "admins".* FROM "admins" WHERE "admins"."id" = ? ORDER BY "admins"."id" ASC LIMIT ?[0m  [["id", 3], ["LIMIT", 1]]
  [1m[36mTRANSACTION (0.1ms)[0m  [1m[36mbegin transaction[0m
  â†³ app/controllers/inventories_controller.rb:23:in `block in create'
  [1m[36mItem Load (0.3ms)[0m  [1m[34mSELECT "items".* FROM "items" WHERE "items"."item_id" = ? LIMIT ?[0m  [["item_id", "IT002"], ["LIMIT", 1]]
  â†³ app/controllers/inventories_controller.rb:23:in `block in create'
  [1m[36mUser Load (0.1ms)[0m  [1m[34mSELECT "users".* FROM "users" WHERE "users"."email" = ? LIMIT ?[0m  [["email", "alice@example.com"], ["LIMIT", 1]]
  â†³ app/controllers/inventories_controller.rb:23:in `block in create'
  [1m[36mCACHE User Load (0.0ms)[0m  [1m[34mSELECT "users".* FROM "users" WHERE "users"."email" = ? LIMIT ?[0m  [["email", "alice@example.com"], ["LIMIT", 1]]
  â†³ app/controllers/inventories_controller.rb:23:in `block in create'
  [1m[36mInventory Create (1.0ms)[0m  [1m[32mINSERT INTO "inventories" ("item_id", "year_of_purchase", "location", "condition_of_item", "owner_email", "user_email", "sku", "created_at", "updated_at") VALUES (?, ?, ?, ?, ?, ?, ?, ?, ?)[0m  [["item_id", "IT002"], ["year_of_purchase", "2025-02-17"], ["location", "adf"], ["condition_of_item", "adf"], ["owner_email", "alice@example.com"], ["user_email", "alice@example.com"], ["sku", "EQP001"], ["created_at", "2025-02-17 20:30:21.441232"], ["updated_at", "2025-02-17 20:30:21.441232"]]
  â†³ app/controllers/inventories_controller.rb:23:in `block in create'
  [1m[36mTRANSACTION (1.2ms)[0m  [1m[36mcommit transaction[0m
  â†³ app/controllers/inventories_controller.rb:23:in `block in create'
Redirected to http://localhost:3000/inventories
Completed 302 Found in 14ms (ActiveRecord: 2.9ms | Allocations: 6597)


Started GET "/inventories" for 172.17.0.1 at 2025-02-17 20:30:21 +0000
Cannot render console from 172.17.0.1! Allowed networks: 127.0.0.0/127.255.255.255, ::1
Processing by InventoriesController#index as HTML
  [1m[36mAdmin Load (0.2ms)[0m  [1m[34mSELECT "admins".* FROM "admins" WHERE "admins"."id" = ? ORDER BY "admins"."id" ASC LIMIT ?[0m  [["id", 3], ["LIMIT", 1]]
  Rendering layout layouts/application.html.erb
  Rendering inventories/index.html.erb within layouts/application
  [1m[36mInventory Load (0.2ms)[0m  [1m[34mSELECT "inventories".* FROM "inventories"[0m
  â†³ app/views/inventories/index.html.erb:37
  [1m[36mItem Load (0.2ms)[0m  [1m[34mSELECT "items".* FROM "items" WHERE "items"."item_id" = ? LIMIT ?[0m  [["item_id", "IT001"], ["LIMIT", 1]]
  â†³ app/views/inventories/index.html.erb:40
  [1m[36mUser Load (0.1ms)[0m  [1m[34mSELECT "users".* FROM "users" WHERE "users"."email" = ? LIMIT ?[0m  [["email", "alice@example.com"], ["LIMIT", 1]]
  â†³ app/views/inventories/index.html.erb:44
  [1m[36mUser Load (0.1ms)[0m  [1m[34mSELECT "users".* FROM "users" WHERE "users"."email" = ? LIMIT ?[0m  [["email", "bob@example.com"], ["LIMIT", 1]]
  â†³ app/views/inventories/index.html.erb:45
  [1m[36mItem Load (0.1ms)[0m  [1m[34mSELECT "items".* FROM "items" WHERE "items"."item_id" = ? LIMIT ?[0m  [["item_id", "IT002"], ["LIMIT", 1]]
  â†³ app/views/inventories/index.html.erb:40
  [1m[36mCACHE User Load (0.0ms)[0m  [1m[34mSELECT "users".* FROM "users" WHERE "users"."email" = ? LIMIT ?[0m  [["email", "bob@example.com"], ["LIMIT", 1]]
  â†³ app/views/inventories/index.html.erb:44
  [1m[36mUser Load (0.2ms)[0m  [1m[34mSELECT "users".* FROM "users" WHERE "users"."email" = ? LIMIT ?[0m  [["email", "charlie@example.com"], ["LIMIT", 1]]
  â†³ app/views/inventories/index.html.erb:45
  [1m[36mCACHE Item Load (0.0ms)[0m  [1m[34mSELECT "items".* FROM "items" WHERE "items"."item_id" = ? LIMIT ?[0m  [["item_id", "IT002"], ["LIMIT", 1]]
  â†³ app/views/inventories/index.html.erb:40
  [1m[36mCACHE User Load (0.0ms)[0m  [1m[34mSELECT "users".* FROM "users" WHERE "users"."email" = ? LIMIT ?[0m  [["email", "alice@example.com"], ["LIMIT", 1]]
  â†³ app/views/inventories/index.html.erb:44
  [1m[36mCACHE User Load (0.0ms)[0m  [1m[34mSELECT "users".* FROM "users" WHERE "users"."email" = ? LIMIT ?[0m  [["email", "alice@example.com"], ["LIMIT", 1]]
  â†³ app/views/inventories/index.html.erb:45
  Rendered inventories/index.html.erb within layouts/application (Duration: 19.6ms | Allocations: 8795)
  Rendered layout layouts/application.html.erb (Duration: 21.9ms | Allocations: 9866)
Completed 200 OK in 25ms (Views: 21.4ms | ActiveRecord: 1.2ms | Allocations: 11643)


Started GET "/inventories/3/delete" for 172.17.0.1 at 2025-02-17 20:30:27 +0000
Cannot render console from 172.17.0.1! Allowed networks: 127.0.0.0/127.255.255.255, ::1
Processing by InventoriesController#delete as HTML
  Parameters: {"id"=>"3"}
  [1m[36mAdmin Load (0.2ms)[0m  [1m[34mSELECT "admins".* FROM "admins" WHERE "admins"."id" = ? ORDER BY "admins"."id" ASC LIMIT ?[0m  [["id", 3], ["LIMIT", 1]]
  [1m[36mInventory Load (0.1ms)[0m  [1m[34mSELECT "inventories".* FROM "inventories" WHERE "inventories"."inv_id" = ? LIMIT ?[0m  [["inv_id", 3], ["LIMIT", 1]]
  â†³ app/controllers/inventories_controller.rb:44:in `delete'
  Rendering layout layouts/application.html.erb
  Rendering inventories/delete.html.erb within layouts/application
  [1m[36mItem Load (0.2ms)[0m  [1m[34mSELECT "items".* FROM "items" WHERE "items"."item_id" = ? LIMIT ?[0m  [["item_id", "IT002"], ["LIMIT", 1]]
  â†³ app/views/inventories/delete.html.erb:10
  Rendered inventories/delete.html.erb within layouts/application (Duration: 3.0ms | Allocations: 1246)
  Rendered layout layouts/application.html.erb (Duration: 6.0ms | Allocations: 2504)
Completed 200 OK in 11ms (Views: 6.6ms | ActiveRecord: 0.5ms | Allocations: 4773)


Started DELETE "/inventories/3" for 172.17.0.1 at 2025-02-17 20:30:28 +0000
Cannot render console from 172.17.0.1! Allowed networks: 127.0.0.0/127.255.255.255, ::1
Processing by InventoriesController#destroy as HTML
  Parameters: {"authenticity_token"=>"[FILTERED]", "commit"=>"Delete Entry", "id"=>"3"}
  [1m[36mAdmin Load (0.2ms)[0m  [1m[34mSELECT "admins".* FROM "admins" WHERE "admins"."id" = ? ORDER BY "admins"."id" ASC LIMIT ?[0m  [["id", 3], ["LIMIT", 1]]
  [1m[36mInventory Load (0.1ms)[0m  [1m[34mSELECT "inventories".* FROM "inventories" WHERE "inventories"."inv_id" = ? LIMIT ?[0m  [["inv_id", 3], ["LIMIT", 1]]
  â†³ app/controllers/inventories_controller.rb:58:in `set_inventory'
  [1m[36mCACHE Inventory Load (0.0ms)[0m  [1m[34mSELECT "inventories".* FROM "inventories" WHERE "inventories"."inv_id" = ? LIMIT ?[0m  [["inv_id", 3], ["LIMIT", 1]]
  â†³ app/controllers/inventories_controller.rb:48:in `destroy'
  [1m[36mTRANSACTION (0.0ms)[0m  [1m[36mbegin transaction[0m
  â†³ app/controllers/inventories_controller.rb:49:in `destroy'
  [1m[36mInventory Destroy (0.9ms)[0m  [1m[31mDELETE FROM "inventories" WHERE "inventories"."inv_id" = ?[0m  [["inv_id", 3]]
  â†³ app/controllers/inventories_controller.rb:49:in `destroy'
  [1m[36mTRANSACTION (1.5ms)[0m  [1m[36mcommit transaction[0m
  â†³ app/controllers/inventories_controller.rb:49:in `destroy'
  [1m[36mItem Load (0.3ms)[0m  [1m[34mSELECT "items".* FROM "items" WHERE "items"."item_id" = ? LIMIT ?[0m  [["item_id", "IT002"], ["LIMIT", 1]]
  â†³ app/controllers/inventories_controller.rb:50:in `destroy'
Redirected to http://localhost:3000/inventories
Completed 302 Found in 11ms (ActiveRecord: 3.1ms | Allocations: 4704)


Started GET "/inventories" for 172.17.0.1 at 2025-02-17 20:30:28 +0000
Cannot render console from 172.17.0.1! Allowed networks: 127.0.0.0/127.255.255.255, ::1
Processing by InventoriesController#index as HTML
  [1m[36mAdmin Load (0.2ms)[0m  [1m[34mSELECT "admins".* FROM "admins" WHERE "admins"."id" = ? ORDER BY "admins"."id" ASC LIMIT ?[0m  [["id", 3], ["LIMIT", 1]]
  Rendering layout layouts/application.html.erb
  Rendering inventories/index.html.erb within layouts/application
  [1m[36mInventory Load (0.2ms)[0m  [1m[34mSELECT "inventories".* FROM "inventories"[0m
  â†³ app/views/inventories/index.html.erb:37
  [1m[36mItem Load (0.2ms)[0m  [1m[34mSELECT "items".* FROM "items" WHERE "items"."item_id" = ? LIMIT ?[0m  [["item_id", "IT001"], ["LIMIT", 1]]
  â†³ app/views/inventories/index.html.erb:40
  [1m[36mUser Load (0.2ms)[0m  [1m[34mSELECT "users".* FROM "users" WHERE "users"."email" = ? LIMIT ?[0m  [["email", "alice@example.com"], ["LIMIT", 1]]
  â†³ app/views/inventories/index.html.erb:44
  [1m[36mUser Load (0.2ms)[0m  [1m[34mSELECT "users".* FROM "users" WHERE "users"."email" = ? LIMIT ?[0m  [["email", "bob@example.com"], ["LIMIT", 1]]
  â†³ app/views/inventories/index.html.erb:45
  [1m[36mItem Load (0.2ms)[0m  [1m[34mSELECT "items".* FROM "items" WHERE "items"."item_id" = ? LIMIT ?[0m  [["item_id", "IT002"], ["LIMIT", 1]]
  â†³ app/views/inventories/index.html.erb:40
  [1m[36mCACHE User Load (0.0ms)[0m  [1m[34mSELECT "users".* FROM "users" WHERE "users"."email" = ? LIMIT ?[0m  [["email", "bob@example.com"], ["LIMIT", 1]]
  â†³ app/views/inventories/index.html.erb:44
  [1m[36mUser Load (0.2ms)[0m  [1m[34mSELECT "users".* FROM "users" WHERE "users"."email" = ? LIMIT ?[0m  [["email", "charlie@example.com"], ["LIMIT", 1]]
  â†³ app/views/inventories/index.html.erb:45
  Rendered inventories/index.html.erb within layouts/application (Duration: 11.4ms | Allocations: 6840)
  Rendered layout layouts/application.html.erb (Duration: 13.7ms | Allocations: 7909)
Completed 200 OK in 17ms (Views: 13.1ms | ActiveRecord: 1.3ms | Allocations: 9688)


Started GET "/admins/sign_out" for 172.17.0.1 at 2025-02-17 20:30:29 +0000
Cannot render console from 172.17.0.1! Allowed networks: 127.0.0.0/127.255.255.255, ::1
Processing by Admins::SessionsController#destroy as HTML
  [1m[36mAdmin Load (0.3ms)[0m  [1m[34mSELECT "admins".* FROM "admins" WHERE "admins"."id" = ? ORDER BY "admins"."id" ASC LIMIT ?[0m  [["id", 3], ["LIMIT", 1]]
Redirected to http://localhost:3000/admins/sign_in
Completed 303 See Other in 4ms (ActiveRecord: 0.3ms | Allocations: 2262)


Started GET "/admins/sign_in" for 172.17.0.1 at 2025-02-17 20:30:29 +0000
Cannot render console from 172.17.0.1! Allowed networks: 127.0.0.0/127.255.255.255, ::1
Processing by Admins::SessionsController#new as HTML
  Rendering layout layouts/application.html.erb
  Rendering admins/sessions/new.html.erb within layouts/application
  Rendered admins/sessions/new.html.erb within layouts/application (Duration: 3.8ms | Allocations: 1636)
  Rendered layout layouts/application.html.erb (Duration: 5.9ms | Allocations: 2779)
Completed 200 OK in 10ms (Views: 8.1ms | ActiveRecord: 0.0ms | Allocations: 4347)


Started POST "/admins/auth/google_oauth2" for 172.17.0.1 at 2025-02-17 20:30:33 +0000
Cannot render console from 172.17.0.1! Allowed networks: 127.0.0.0/127.255.255.255, ::1
